<?xml version="1.0" encoding="UTF-8"?>
<!-- Generated by org.testng.reporters.JUnitReportReporter -->
<testsuite skipped="0" hostname="DESKTOP-IJJESER" name="runner.runner_class" tests="1" failures="0" timestamp="10 Dec 2019 03:55:58 GMT" time="40.876" errors="0">
  <testcase name="feature" time="40.876" classname="runner.runner_class"/>
</testsuite> <!-- runner.runner_class -->
